Ruta no despachada: /css/vendors_css.css
Ruta no despachada: /css/horizontal-menu.css
Ruta no despachada: /css/style.css
Ruta no despachada: /css/skin_color.css
Ruta no despachada: /css/auth.css
Ruta no despachada: /js/vendors.min.js
Ruta no despachada: /assets/vendor_components/bootstrap/dist/js/bootstrap.bundle.min.js
Ruta no despachada: /build/assets/medforge-DRhrulms.css
Ruta no despachada: /css/feedback-widget.css
Ruta no despachada: /build/assets/medforge-BS4YZIxc.js
Ruta no despachada: /images/logo-light-text.png
Ruta no despachada: /build/assets/preload-helper-I4rgV-VL.js
Ruta no despachada: /uploads/users/20260509020901_916ff442715d2b36732653ad3fbb93b4.jpg
Ruta no despachada: /assets/vendor_components/jquery/jquery.min.js
Ruta no despachada: /assets/vendor_components/bootstrap/dist/js/bootstrap.bundle.min.js
Ruta no despachada: /js/pages/feedback-widget.js
Ruta no despachada: /build/assets/medforge-DRhrulms.css
Ruta no despachada: /css/feedback-widget.css
Ruta no despachada: /build/assets/medforge-BS4YZIxc.js
Ruta no despachada: /build/assets/preload-helper-I4rgV-VL.js
Ruta no despachada: /images/logo-light-text.png
Ruta no despachada: /uploads/users/20260509020901_916ff442715d2b36732653ad3fbb93b4.jpg
Ruta no despachada: /assets/vendor_components/jquery/jquery.min.js
Ruta no despachada: /assets/vendor_components/bootstrap/dist/js/bootstrap.bundle.min.js
Ruta no despachada: /js/pages/feedback-widget.js
Ruta no despachada: /build/assets/medforge-DRhrulms.css
Ruta no despachada: /css/feedback-widget.css
Ruta no despachada: /build/assets/medforge-BS4YZIxc.js
Ruta no despachada: /build/assets/preload-helper-I4rgV-VL.js
Ruta no despachada: /images/logo-light-text.png
Ruta no despachada: /uploads/users/20260509020901_916ff442715d2b36732653ad3fbb93b4.jpg
Ruta no despachada: /assets/vendor_components/jquery/jquery.min.js
Ruta no despachada: /assets/vendor_components/bootstrap/dist/js/bootstrap.bundle.min.js
Ruta no despachada: /js/pages/feedback-widget.js
Ruta no despachada: /billing/guardar_billing.php
Ruta no despachada: /procedimientos/listar.php
